c:\users\eleve\desktop\lr\debug\consoleapplication2.pch
c:\users\eleve\desktop\lr\debug\vc141.pdb
c:\users\eleve\desktop\lr\debug\vc141.idb
c:\users\eleve\desktop\lr\debug\pch.obj
c:\users\eleve\desktop\lr\debug\pgm.obj
c:\users\eleve\desktop\lr\debug\vec3.obj
c:\users\eleve\desktop\lr\debug\consoleapplication2.obj
c:\users\eleve\desktop\lr\debug\randgenerator.obj
c:\users\eleve\desktop\lr\debug\material.obj
c:\users\eleve\desktop\lr\debug\camera.obj
c:\users\eleve\desktop\lr\debug\consoleapplication2.exe
c:\users\eleve\desktop\lr\debug\consoleapplication2.ilk
c:\users\eleve\desktop\lr\debug\consoleapplication2.pdb
c:\users\eleve\desktop\lr\debug\consoleapplication2.res
c:\users\eleve\desktop\lr\debug\consolea.7534238e.tlog\cl.command.1.tlog
c:\users\eleve\desktop\lr\debug\consolea.7534238e.tlog\cl.read.1.tlog
c:\users\eleve\desktop\lr\debug\consolea.7534238e.tlog\cl.write.1.tlog
c:\users\eleve\desktop\lr\debug\consolea.7534238e.tlog\link-cvtres.read.1.tlog
c:\users\eleve\desktop\lr\debug\consolea.7534238e.tlog\link-cvtres.write.1.tlog
c:\users\eleve\desktop\lr\debug\consolea.7534238e.tlog\link-rc.read.1.tlog
c:\users\eleve\desktop\lr\debug\consolea.7534238e.tlog\link-rc.write.1.tlog
c:\users\eleve\desktop\lr\debug\consolea.7534238e.tlog\link.1380-cvtres.read.1.tlog
c:\users\eleve\desktop\lr\debug\consolea.7534238e.tlog\link.1380-cvtres.write.1.tlog
c:\users\eleve\desktop\lr\debug\consolea.7534238e.tlog\link.1380-rc.read.1.tlog
c:\users\eleve\desktop\lr\debug\consolea.7534238e.tlog\link.1380-rc.write.1.tlog
c:\users\eleve\desktop\lr\debug\consolea.7534238e.tlog\link.1380.read.1.tlog
c:\users\eleve\desktop\lr\debug\consolea.7534238e.tlog\link.1380.write.1.tlog
c:\users\eleve\desktop\lr\debug\consolea.7534238e.tlog\link.command.1.tlog
c:\users\eleve\desktop\lr\debug\consolea.7534238e.tlog\link.read.1.tlog
c:\users\eleve\desktop\lr\debug\consolea.7534238e.tlog\link.write.1.tlog
c:\users\eleve\desktop\lr\debug\consolea.7534238e.tlog\rc.command.1.tlog
c:\users\eleve\desktop\lr\debug\consolea.7534238e.tlog\rc.read.1.tlog
c:\users\eleve\desktop\lr\debug\consolea.7534238e.tlog\rc.write.1.tlog
